<?xml version="1.0" encoding="UTF-8"?>
<!DOCTYPE properties SYSTEM "http://java.sun.com/dtd/properties.dtd">
<properties>
	<entry key="TestRegistrationApplicationUrl">${student.TestRegistrationApplicationUrl}</entry>
	<entry key="TDSReportsRootDirectory">${student.TDSReportsRootDirectory}</entry>
	<entry key="TDSSessionDBName">session</entry>
	<entry key="ItembankDBName">itembank</entry>
	<entry key="TDSArchiveDBName">archive</entry>
	<entry key="TDSConfigsDBName">configs</entry>
		
</properties>