<?xml version="1.0" encoding="UTF-8"?>
<!DOCTYPE properties SYSTEM "http://java.sun.com/dtd/properties.dtd">
<properties>
	<entry key="TestRegistrationApplicationUrl">${student.TestRegistrationApplicationUrl}</entry>
	<entry key="TDSReportsRootDirectory">${student.TDSReportsRootDirectory}</entry>
	<entry key="TDSSessionDBName">session</entry>
	<entry key="ItembankDBName">itembank</entry>
	<entry key="TDSArchiveDBName">archive</entry>
	<entry key="TDSConfigsDBName">configs</entry>

	<entry key="EncryptionKey">Thisisanincrediblylongkeythatiscertainlylongerthantwentyfourcharacters</entry>
	<entry key="datasource.jdbcUrl">jdbc:mysql://[URL]/session</entry>
	<entry key="datasource.username">remoteuser</entry>
	<entry key="datasource.password">[PASSWORD]</entry>
</properties>